<?xml version="1.0" encoding="utf-8" standalone="no"?>
<!--This file represents the results of running a test suite-->
<test-results name="D:\Nemerle\Linq\Tests\bin\Debug\LinqTests.dll" total="59" errors="8" failures="28" not-run="0" inconclusive="0" ignored="0" skipped="0" invalid="0" date="2012-01-23" time="16:43:31">
  <environment nunit-version="2.6.0.12017" clr-version="2.0.50727.5448" os-version="Microsoft Windows NT 6.1.7601 Service Pack 1" platform="Win32NT" cwd="D:\Nemerle\ExternalDependences" machine-name="NOTE-I7" user="VladAdm" user-domain="Note-i7" />
  <culture-info current-culture="ru-RU" current-uiculture="ru-RU" />
  <test-suite type="Assembly" name="D:\Nemerle\Linq\Tests\bin\Debug\LinqTests.dll" executed="True" result="Failure" success="False" time="1.187" asserts="0">
    <results>
      <test-suite type="Namespace" name="LinqTests" executed="True" result="Failure" success="False" time="0.081" asserts="0">
        <results>
          <test-suite type="TestFixture" name="Linq2SqlTests" executed="True" result="Error" success="False" time="0.076" asserts="0">
            <failure>
              <message><![CDATA[SetUp : System.IO.FileNotFoundException : You should define connection string to NorthWind DB in: 'D:\Nemerle\Linq\Tests\bin\Debug\connectionString.txt'
  ----> System.IO.FileNotFoundException : Could not find file 'D:\Nemerle\Linq\Tests\bin\Debug\connectionString.txt'.]]></message>
              <stack-trace><![CDATA[at LinqTests.Linq2SqlTests.ReadConnectionString() in D:\Nemerle\Linq\Tests\Linq2SqlTests.n:line 24
at LinqTests.Linq2SqlTests..ctor() in D:\Nemerle\Linq\Tests\Linq2SqlTests.n:line 31
--FileNotFoundException
at System.IO.__Error.WinIOError(Int32 errorCode, String maybeFullPath)
at System.IO.FileStream.Init(String path, FileMode mode, FileAccess access, Int32 rights, Boolean useRights, FileShare share, Int32 bufferSize, FileOptions options, SECURITY_ATTRIBUTES secAttrs, String msgPath, Boolean bFromProxy, Boolean useLongPath)
at System.IO.FileStream..ctor(String path, FileMode mode, FileAccess access, FileShare share, Int32 bufferSize, FileOptions options, String msgPath, Boolean bFromProxy)
at System.IO.FileStream..ctor(String path, FileMode mode, FileAccess access, FileShare share, Int32 bufferSize, FileOptions options)
at System.IO.StreamReader..ctor(String path, Encoding encoding, Boolean detectEncodingFromByteOrderMarks, Int32 bufferSize)
at System.IO.StreamReader..ctor(String path, Encoding encoding)
at System.IO.File.InternalReadAllText(String path, Encoding encoding)
at LinqTests.Linq2SqlTests.ReadConnectionString() in D:\Nemerle\Linq\Tests\Linq2SqlTests.n:line 22
]]></stack-trace>
            </failure>
            <results>
              <test-case name="LinqTests.Linq2SqlTests.QueryFromMsSql_01" executed="True" result="Failure" success="False" time="0.000" asserts="0">
                <failure>
                  <message><![CDATA[TestFixtureSetUp failed in Linq2SqlTests]]></message>
                  <stack-trace />
                </failure>
              </test-case>
              <test-case name="LinqTests.Linq2SqlTests.QueryFromMsSql_02" executed="True" result="Failure" success="False" time="0.000" asserts="0">
                <failure>
                  <message><![CDATA[TestFixtureSetUp failed in Linq2SqlTests]]></message>
                  <stack-trace />
                </failure>
              </test-case>
              <test-case name="LinqTests.Linq2SqlTests.QueryFromMsSql_03" executed="True" result="Failure" success="False" time="0.000" asserts="0">
                <failure>
                  <message><![CDATA[TestFixtureSetUp failed in Linq2SqlTests]]></message>
                  <stack-trace />
                </failure>
              </test-case>
              <test-case name="LinqTests.Linq2SqlTests.QueryFromMsSql_04" executed="True" result="Failure" success="False" time="0.000" asserts="0">
                <failure>
                  <message><![CDATA[TestFixtureSetUp failed in Linq2SqlTests]]></message>
                  <stack-trace />
                </failure>
              </test-case>
              <test-case name="LinqTests.Linq2SqlTests.QueryFromMsSql_05" executed="True" result="Failure" success="False" time="0.000" asserts="0">
                <failure>
                  <message><![CDATA[TestFixtureSetUp failed in Linq2SqlTests]]></message>
                  <stack-trace />
                </failure>
              </test-case>
              <test-case name="LinqTests.Linq2SqlTests.QueryFromMsSql_06" executed="True" result="Failure" success="False" time="0.000" asserts="0">
                <failure>
                  <message><![CDATA[TestFixtureSetUp failed in Linq2SqlTests]]></message>
                  <stack-trace />
                </failure>
              </test-case>
              <test-case name="LinqTests.Linq2SqlTests.QueryFromMsSql_07" executed="True" result="Failure" success="False" time="0.000" asserts="0">
                <failure>
                  <message><![CDATA[TestFixtureSetUp failed in Linq2SqlTests]]></message>
                  <stack-trace />
                </failure>
              </test-case>
              <test-case name="LinqTests.Linq2SqlTests.QueryFromMsSql_08" executed="True" result="Failure" success="False" time="0.000" asserts="0">
                <failure>
                  <message><![CDATA[TestFixtureSetUp failed in Linq2SqlTests]]></message>
                  <stack-trace />
                </failure>
              </test-case>
              <test-case name="LinqTests.Linq2SqlTests.QueryFromMsSql_09" executed="True" result="Failure" success="False" time="0.000" asserts="0">
                <failure>
                  <message><![CDATA[TestFixtureSetUp failed in Linq2SqlTests]]></message>
                  <stack-trace />
                </failure>
              </test-case>
              <test-case name="LinqTests.Linq2SqlTests.QueryFromMsSql_10" executed="True" result="Failure" success="False" time="0.000" asserts="0">
                <failure>
                  <message><![CDATA[TestFixtureSetUp failed in Linq2SqlTests]]></message>
                  <stack-trace />
                </failure>
              </test-case>
              <test-case name="LinqTests.Linq2SqlTests.QueryFromMsSql_11" executed="True" result="Failure" success="False" time="0.000" asserts="0">
                <failure>
                  <message><![CDATA[TestFixtureSetUp failed in Linq2SqlTests]]></message>
                  <stack-trace />
                </failure>
              </test-case>
              <test-case name="LinqTests.Linq2SqlTests.QueryFromMsSql_12" executed="True" result="Failure" success="False" time="0.000" asserts="0">
                <failure>
                  <message><![CDATA[TestFixtureSetUp failed in Linq2SqlTests]]></message>
                  <stack-trace />
                </failure>
              </test-case>
              <test-case name="LinqTests.Linq2SqlTests.QueryFromMsSql_Syntax_01" executed="True" result="Failure" success="False" time="0.000" asserts="0">
                <failure>
                  <message><![CDATA[TestFixtureSetUp failed in Linq2SqlTests]]></message>
                  <stack-trace />
                </failure>
              </test-case>
              <test-case name="LinqTests.Linq2SqlTests.QueryFromMsSql_Syntax_02" executed="True" result="Failure" success="False" time="0.000" asserts="0">
                <failure>
                  <message><![CDATA[TestFixtureSetUp failed in Linq2SqlTests]]></message>
                  <stack-trace />
                </failure>
              </test-case>
              <test-case name="LinqTests.Linq2SqlTests.QueryFromMsSql_Syntax_03" executed="True" result="Failure" success="False" time="0.000" asserts="0">
                <failure>
                  <message><![CDATA[TestFixtureSetUp failed in Linq2SqlTests]]></message>
                  <stack-trace />
                </failure>
              </test-case>
              <test-case name="LinqTests.Linq2SqlTests.QueryFromMsSql_Syntax_04" executed="True" result="Failure" success="False" time="0.000" asserts="0">
                <failure>
                  <message><![CDATA[TestFixtureSetUp failed in Linq2SqlTests]]></message>
                  <stack-trace />
                </failure>
              </test-case>
              <test-case name="LinqTests.Linq2SqlTests.QueryFromMsSql_Syntax_04_2" executed="True" result="Failure" success="False" time="0.000" asserts="0">
                <failure>
                  <message><![CDATA[TestFixtureSetUp failed in Linq2SqlTests]]></message>
                  <stack-trace />
                </failure>
              </test-case>
              <test-case name="LinqTests.Linq2SqlTests.QueryFromMsSql_Syntax_04_3" executed="True" result="Failure" success="False" time="0.000" asserts="0">
                <failure>
                  <message><![CDATA[TestFixtureSetUp failed in Linq2SqlTests]]></message>
                  <stack-trace />
                </failure>
              </test-case>
              <test-case name="LinqTests.Linq2SqlTests.QueryFromMsSql_Syntax_05" executed="True" result="Failure" success="False" time="0.000" asserts="0">
                <failure>
                  <message><![CDATA[TestFixtureSetUp failed in Linq2SqlTests]]></message>
                  <stack-trace />
                </failure>
              </test-case>
              <test-case name="LinqTests.Linq2SqlTests.QueryFromMsSql_Syntax_06" executed="True" result="Failure" success="False" time="0.000" asserts="0">
                <failure>
                  <message><![CDATA[TestFixtureSetUp failed in Linq2SqlTests]]></message>
                  <stack-trace />
                </failure>
              </test-case>
              <test-case name="LinqTests.Linq2SqlTests.QueryFromMsSql_Syntax_06_2" executed="True" result="Failure" success="False" time="0.000" asserts="0">
                <failure>
                  <message><![CDATA[TestFixtureSetUp failed in Linq2SqlTests]]></message>
                  <stack-trace />
                </failure>
              </test-case>
              <test-case name="LinqTests.Linq2SqlTests.QueryFromMsSql_Syntax_07" executed="True" result="Failure" success="False" time="0.000" asserts="0">
                <failure>
                  <message><![CDATA[TestFixtureSetUp failed in Linq2SqlTests]]></message>
                  <stack-trace />
                </failure>
              </test-case>
              <test-case name="LinqTests.Linq2SqlTests.QueryFromMsSql_Syntax_08" executed="True" result="Failure" success="False" time="0.000" asserts="0">
                <failure>
                  <message><![CDATA[TestFixtureSetUp failed in Linq2SqlTests]]></message>
                  <stack-trace />
                </failure>
              </test-case>
              <test-case name="LinqTests.Linq2SqlTests.QueryFromMsSql_Syntax_09" executed="True" result="Failure" success="False" time="0.000" asserts="0">
                <failure>
                  <message><![CDATA[TestFixtureSetUp failed in Linq2SqlTests]]></message>
                  <stack-trace />
                </failure>
              </test-case>
              <test-case name="LinqTests.Linq2SqlTests.QueryFromMsSql_Syntax_10" executed="True" result="Failure" success="False" time="0.000" asserts="0">
                <failure>
                  <message><![CDATA[TestFixtureSetUp failed in Linq2SqlTests]]></message>
                  <stack-trace />
                </failure>
              </test-case>
              <test-case name="LinqTests.Linq2SqlTests.QueryFromMsSql_Syntax_11" executed="True" result="Failure" success="False" time="0.000" asserts="0">
                <failure>
                  <message><![CDATA[TestFixtureSetUp failed in Linq2SqlTests]]></message>
                  <stack-trace />
                </failure>
              </test-case>
              <test-case name="LinqTests.Linq2SqlTests.QueryFromMsSql_Syntax_12" executed="True" result="Failure" success="False" time="0.000" asserts="0">
                <failure>
                  <message><![CDATA[TestFixtureSetUp failed in Linq2SqlTests]]></message>
                  <stack-trace />
                </failure>
              </test-case>
              <test-case name="LinqTests.Linq2SqlTests.QueryFromMsSql_Syntax_12_2" executed="True" result="Failure" success="False" time="0.000" asserts="0">
                <failure>
                  <message><![CDATA[TestFixtureSetUp failed in Linq2SqlTests]]></message>
                  <stack-trace />
                </failure>
              </test-case>
            </results>
          </test-suite>
        </results>
      </test-suite>
      <test-suite type="Namespace" name="Tests" executed="True" result="Failure" success="False" time="1.081" asserts="0">
        <results>
          <test-suite type="TestFixture" name="Expressions" executed="True" result="Failure" success="False" time="1.080" asserts="0">
            <results>
              <test-case name="Tests.Expressions.ArraysExpressions" executed="True" result="Error" success="False" time="0.072" asserts="0">
                <failure>
                  <message><![CDATA[System.ArgumentException : Expression of type 'System.Int32' cannot be used for parameter of type 'System.SByte' of method 'SByte Abs(SByte)']]></message>
                  <stack-trace><![CDATA[at System.Linq.Expressions.Expression.ValidateOneArgument(MethodBase method, ExpressionType nodeKind, Expression arg, ParameterInfo pi)
at System.Linq.Expressions.Expression.ValidateArgumentTypes(MethodBase method, ExpressionType nodeKind, ReadOnlyCollection`1& arguments)
at System.Linq.Expressions.Expression.Call(Expression instance, MethodInfo method, IEnumerable`1 arguments)
at Tests.Expressions._N_closureFunc__22503.apply() in D:\Nemerle\Linq\Tests\Tests.n:line 0
at Tests.Expressions.ArraysExpressions() in D:\Nemerle\Linq\Tests\Tests.n:line 310
]]></stack-trace>
                </failure>
              </test-case>
              <test-case name="Tests.Expressions.ClosureExpressions" executed="True" result="Error" success="False" time="0.186" asserts="2">
                <failure>
                  <message><![CDATA[System.ArgumentException : Static method requires null instance, non-static method requires non-null instance.
Parameter name: method]]></message>
                  <stack-trace><![CDATA[at System.Linq.Expressions.Expression.ValidateStaticOrInstanceMethod(Expression instance, MethodInfo method)
at System.Linq.Expressions.Expression.Call(Expression instance, MethodInfo method, IEnumerable`1 arguments)
at Tests.Expressions._N_closureFunc__21295.apply() in D:\Nemerle\Linq\Tests\Tests.n:line 0
at Tests.Expressions.ClosureExpressions() in D:\Nemerle\Linq\Tests\Tests.n:line 111
]]></stack-trace>
                </failure>
              </test-case>
              <test-case name="Tests.Expressions.ClosureLocalVars" executed="True" result="Success" success="True" time="0.052" asserts="4" />
              <test-case name="Tests.Expressions.ConditionalExpressions" executed="True" result="Success" success="True" time="0.021" asserts="10" />
              <test-case name="Tests.Expressions.ConstructorExpressions" executed="True" result="Success" success="True" time="0.019" asserts="3" />
              <test-case name="Tests.Expressions.EnumTester" executed="True" result="Success" success="True" time="0.079" asserts="2" />
              <test-case name="Tests.Expressions.InstanceMethodCallExpressions" executed="True" result="Error" success="False" time="0.005" asserts="0">
                <failure>
                  <message><![CDATA[System.ArgumentException : Static method requires null instance, non-static method requires non-null instance.
Parameter name: method]]></message>
                  <stack-trace><![CDATA[at System.Linq.Expressions.Expression.ValidateStaticOrInstanceMethod(Expression instance, MethodInfo method)
at System.Linq.Expressions.Expression.Call(Expression instance, MethodInfo method, IEnumerable`1 arguments)
at Tests.Expressions._N_closureFunc__21574.apply() in D:\Nemerle\Linq\Tests\Tests.n:line 0
at Tests.Expressions.InstanceMethodCallExpressions() in D:\Nemerle\Linq\Tests\Tests.n:line 152
]]></stack-trace>
                </failure>
              </test-case>
              <test-case name="Tests.Expressions.InstancePropertyCallExpressions" executed="True" result="Success" success="True" time="0.014" asserts="1" />
              <test-case name="Tests.Expressions.LambdaWithParamsExpressions" executed="True" result="Error" success="False" time="0.010" asserts="0">
                <failure>
                  <message><![CDATA[System.ArgumentException : Static method requires null instance, non-static method requires non-null instance.
Parameter name: method]]></message>
                  <stack-trace><![CDATA[at System.Linq.Expressions.Expression.ValidateStaticOrInstanceMethod(Expression instance, MethodInfo method)
at System.Linq.Expressions.Expression.Call(Expression instance, MethodInfo method, IEnumerable`1 arguments)
at Tests.Expressions._N_closureFunc__22293.apply() in D:\Nemerle\Linq\Tests\Tests.n:line 0
at Tests.Expressions.LambdaWithParamsExpressions() in D:\Nemerle\Linq\Tests\Tests.n:line 235
]]></stack-trace>
                </failure>
              </test-case>
              <test-case name="Tests.Expressions.ListIndexer" executed="True" result="Error" success="False" time="0.008" asserts="0">
                <failure>
                  <message><![CDATA[System.ArgumentException : Incorrect number of arguments supplied for call to method 'System.String get_Item(TestEnum)']]></message>
                  <stack-trace><![CDATA[at System.Linq.Expressions.Expression.ValidateArgumentCount(MethodBase method, ExpressionType nodeKind, Int32 count, ParameterInfo[] pis)
at System.Linq.Expressions.Expression.ValidateArgumentTypes(MethodBase method, ExpressionType nodeKind, ReadOnlyCollection`1& arguments)
at System.Linq.Expressions.Expression.Call(Expression instance, MethodInfo method, IEnumerable`1 arguments)
at Tests.Expressions._N_closureFunc__27178.apply() in D:\Nemerle\Linq\Tests\Tests.n:line 0
at Tests.Expressions.ListIndexer() in D:\Nemerle\Linq\Tests\Tests.n:line 599
]]></stack-trace>
                </failure>
              </test-case>
              <test-case name="Tests.Expressions.LiteralExpressions" executed="True" result="Success" success="True" time="0.032" asserts="15" />
              <test-case name="Tests.Expressions.Queryable01" executed="True" result="Success" success="True" time="0.026" asserts="4" />
              <test-case name="Tests.Expressions.Queryable02" executed="True" result="Success" success="True" time="0.005" asserts="4" />
              <test-case name="Tests.Expressions.Queryable03" executed="True" result="Success" success="True" time="0.032" asserts="6" />
              <test-case name="Tests.Expressions.Queryable04" executed="True" result="Success" success="True" time="0.046" asserts="6" />
              <test-case name="Tests.Expressions.Queryable05" executed="True" result="Success" success="True" time="0.041" asserts="4" />
              <test-case name="Tests.Expressions.Queryable06" executed="True" result="Success" success="True" time="0.013" asserts="1" />
              <test-case name="Tests.Expressions.Queryable07" executed="True" result="Success" success="True" time="0.007" asserts="1" />
              <test-case name="Tests.Expressions.QueryableIQueryable1" executed="True" result="Error" success="False" time="0.003" asserts="0">
                <failure>
                  <message><![CDATA[System.ArgumentNullException : Value cannot be null.
Parameter name: source]]></message>
                  <stack-trace><![CDATA[at System.Linq.Queryable.Select[TSource,TResult](IQueryable`1 source, Expression`1 selector)
at Tests.Expressions.TestingClass.test() in D:\Nemerle\Linq\Tests\Tests.n:line 564
at Tests.Expressions.QueryableIQueryable1() in D:\Nemerle\Linq\Tests\Tests.n:line 572
]]></stack-trace>
                </failure>
              </test-case>
              <test-case name="Tests.Expressions.QueryableIQueryable2" executed="True" result="Error" success="False" time="0.001" asserts="0">
                <failure>
                  <message><![CDATA[System.ArgumentException : Static method requires null instance, non-static method requires non-null instance.
Parameter name: method]]></message>
                  <stack-trace><![CDATA[at System.Linq.Expressions.Expression.ValidateStaticOrInstanceMethod(Expression instance, MethodInfo method)
at System.Linq.Expressions.Expression.Call(Expression instance, MethodInfo method, IEnumerable`1 arguments)
at Tests.Expressions._N_closureFunc__26714.apply() in D:\Nemerle\Linq\Tests\Tests.n:line 0
at Tests.Expressions.QueryableIQueryable2() in D:\Nemerle\Linq\Tests\Tests.n:line 578
]]></stack-trace>
                </failure>
              </test-case>
              <test-case name="Tests.Expressions.QueryableNorthWind01" executed="True" result="Success" success="True" time="0.006" asserts="3" />
              <test-case name="Tests.Expressions.QueryableNorthWind02" executed="True" result="Success" success="True" time="0.020" asserts="5" />
              <test-case name="Tests.Expressions.QueryableNorthWind03" executed="True" result="Success" success="True" time="0.041" asserts="3" />
              <test-case name="Tests.Expressions.QueryableNorthWind04" executed="True" result="Success" success="True" time="0.078" asserts="4" />
              <test-case name="Tests.Expressions.QueryableNorthWind05" executed="True" result="Success" success="True" time="0.031" asserts="2" />
              <test-case name="Tests.Expressions.QueryableNorthWind07" executed="True" result="Success" success="True" time="0.059" asserts="3" />
              <test-case name="Tests.Expressions.QueryableNorthWind08" executed="True" result="Success" success="True" time="0.090" asserts="3" />
              <test-case name="Tests.Expressions.StaticMethodCallExpressions" executed="True" result="Error" success="False" time="0.004" asserts="0">
                <failure>
                  <message><![CDATA[System.ArgumentException : Expression of type 'System.Int32' cannot be used for parameter of type 'System.SByte' of method 'SByte Max(SByte, SByte)']]></message>
                  <stack-trace><![CDATA[at System.Linq.Expressions.Expression.ValidateOneArgument(MethodBase method, ExpressionType nodeKind, Expression arg, ParameterInfo pi)
at System.Linq.Expressions.Expression.ValidateArgumentTypes(MethodBase method, ExpressionType nodeKind, ReadOnlyCollection`1& arguments)
at System.Linq.Expressions.Expression.Call(Expression instance, MethodInfo method, IEnumerable`1 arguments)
at Tests.Expressions._N_closureFunc__21729.apply() in D:\Nemerle\Linq\Tests\Tests.n:line 0
at Tests.Expressions.StaticMethodCallExpressions() in D:\Nemerle\Linq\Tests\Tests.n:line 189
]]></stack-trace>
                </failure>
              </test-case>
              <test-case name="Tests.Expressions.StaticPropertyCallExpressions" executed="True" result="Success" success="True" time="0.001" asserts="1" />
              <test-case name="Tests.Expressions.TestXxx" executed="True" result="Success" success="True" time="0.025" asserts="1" />
              <test-case name="Tests.Expressions.TypeRelativeExpressions" executed="True" result="Success" success="True" time="0.006" asserts="5" />
            </results>
          </test-suite>
        </results>
      </test-suite>
    </results>
  </test-suite>
</test-results>